#
# A fatal error has been detected by the Java Runtime Environment:
#
#  Internal Error (javaClasses.cpp:124), pid=1668, tid=3960
#  fatal error: Invalid layout of preloaded class
#
# JRE version:  (8.0_05-b13) (build )
# Java VM: Java HotSpot(TM) 64-Bit Server VM (25.5-b02 mixed mode windows-amd64 compressed oops)
# Failed to write core dump. Minidumps are not enabled by default on client versions of Windows
#
# If you would like to submit a bug report, please visit:
#   http://bugreport.sun.com/bugreport/crash.jsp
#

---------------  T H R E A D  ---------------

Current thread (0x0000000001d50800):  JavaThread "Unknown thread" [_thread_in_vm, id=3960, stack(0x0000000001c30000,0x0000000001d30000)]

Stack: [0x0000000001c30000,0x0000000001d30000]
Native frames: (J=compiled Java code, j=interpreted, Vv=VM code, C=native code)
V  [jvm.dll+0x308dea]
V  [jvm.dll+0x25def1]
V  [jvm.dll+0x25eb0f]
V  [jvm.dll+0x256466]
V  [jvm.dll+0x5d33c]
V  [jvm.dll+0x5d433]
V  [jvm.dll+0x71d2a]
V  [jvm.dll+0x72088]
V  [jvm.dll+0xe1607]
V  [jvm.dll+0xe1996]
V  [jvm.dll+0x1f13e7]
V  [jvm.dll+0x2227c4]
V  [jvm.dll+0x149f71]
C  [javaw.exe+0x208a]
C  [javaw.exe+0xc9db]
C  [javaw.exe+0xca6f]
C  [KERNEL32.DLL+0x15dd]
C  [ntdll.dll+0x764ad]


---------------  P R O C E S S  ---------------

Java Threads: ( => current thread )

Other Threads:

=>0x0000000001d50800 (exited) JavaThread "Unknown thread" [_thread_in_vm, id=3960, stack(0x0000000001c30000,0x0000000001d30000)]

VM state:not at safepoint (not fully initialized)

VM Mutex/Monitor currently owned by a thread: None

GC Heap History (0 events):
No events

Deoptimization events (0 events):
No events

Internal exceptions (0 events):
No events

Events (10 events):
Event: 0.022 loading class java/lang/CharSequence done
Event: 0.022 loading class java/lang/String done
Event: 0.022 loading class java/lang/Class
Event: 0.023 loading class java/lang/reflect/AnnotatedElement
Event: 0.023 loading class java/lang/reflect/AnnotatedElement done
Event: 0.023 loading class java/lang/reflect/GenericDeclaration
Event: 0.023 loading class java/lang/reflect/GenericDeclaration done
Event: 0.023 loading class java/lang/reflect/Type
Event: 0.023 loading class java/lang/reflect/Type done
Event: 0.023 loading class java/lang/Class done


Dynamic libraries:
0x00007ff773b90000 - 0x00007ff773bc4000 	C:\Program Files\Java\jre8\bin\javaw.exe
0x00007ffffc890000 - 0x00007ffffca39000 	C:\Windows\SYSTEM32\ntdll.dll
0x00007ffffbe50000 - 0x00007ffffbf89000 	C:\Windows\system32\KERNEL32.DLL
0x00007ffff9ce0000 - 0x00007ffff9dee000 	C:\Windows\system32\KERNELBASE.dll
0x00007ffff8820000 - 0x00007ffff88ab000 	C:\Windows\system32\apphelp.dll
0x00007ffff4190000 - 0x00007ffff41df000 	C:\Windows\AppPatch\AppPatch64\AcGenral.DLL
0x00007ffffc200000 - 0x00007ffffc2a7000 	C:\Windows\system32\msvcrt.dll
0x00007ffff9a50000 - 0x00007ffff9a7b000 	C:\Windows\SYSTEM32\SspiCli.dll
0x00007ffffc5d0000 - 0x00007ffffc621000 	C:\Windows\system32\SHLWAPI.dll
0x00007ffffc2b0000 - 0x00007ffffc421000 	C:\Windows\system32\USER32.dll
0x00007ffffb670000 - 0x00007ffffb7e5000 	C:\Windows\system32\ole32.dll
0x00007ffffa120000 - 0x00007ffffb52d000 	C:\Windows\system32\SHELL32.dll
0x00007ffff9220000 - 0x00007ffff923f000 	C:\Windows\SYSTEM32\USERENV.dll
0x00007ffffc630000 - 0x00007ffffc6d5000 	C:\Windows\system32\ADVAPI32.dll
0x00007fffebd10000 - 0x00007fffebd2b000 	C:\Windows\SYSTEM32\MPR.dll
0x00007ffffb530000 - 0x00007ffffb666000 	C:\Windows\system32\RPCRT4.dll
0x00007ffffc7d0000 - 0x00007ffffc827000 	C:\Windows\SYSTEM32\sechost.dll
0x00007ffffbb20000 - 0x00007ffffbcf7000 	C:\Windows\SYSTEM32\combase.dll
0x00007ffffbd00000 - 0x00007ffffbe45000 	C:\Windows\system32\GDI32.dll
0x00007ffff9c10000 - 0x00007ffff9c24000 	C:\Windows\SYSTEM32\profapi.dll
0x00007ffff84e0000 - 0x00007ffff8581000 	C:\Windows\SYSTEM32\SHCORE.dll
0x00007ffffc0b0000 - 0x00007ffffc0e4000 	C:\Windows\system32\IMM32.DLL
0x00007ffffb9e0000 - 0x00007ffffbb18000 	C:\Windows\system32\MSCTF.dll
0x00007ffff7e00000 - 0x00007ffff805a000 	C:\Windows\WinSxS\amd64_microsoft.windows.common-controls_6595b64144ccf1df_6.0.9600.16384_none_62475f7becb72503\COMCTL32.dll
0x000000006e5c0000 - 0x000000006e692000 	C:\Program Files\Java\jre8\bin\msvcr100.dll
0x000000006dd90000 - 0x000000006e5ba000 	C:\Program Files\Java\jre8\bin\server\jvm.dll
0x00007ffff70c0000 - 0x00007ffff70c9000 	C:\Windows\SYSTEM32\WSOCK32.dll
0x00007ffff3250000 - 0x00007ffff326f000 	C:\Windows\SYSTEM32\WINMM.dll
0x00007ffffc190000 - 0x00007ffffc197000 	C:\Windows\system32\PSAPI.DLL
0x00007ffffc1a0000 - 0x00007ffffc1f8000 	C:\Windows\system32\WS2_32.dll
0x00007ffff3200000 - 0x00007ffff322a000 	C:\Windows\SYSTEM32\WINMMBASE.dll
0x00007ffffc6e0000 - 0x00007ffffc6e9000 	C:\Windows\system32\NSI.dll
0x00007ffff9df0000 - 0x00007ffff9e3a000 	C:\Windows\SYSTEM32\cfgmgr32.dll
0x00007ffff8a70000 - 0x00007ffff8a96000 	C:\Windows\SYSTEM32\DEVOBJ.dll
0x000000006dd80000 - 0x000000006dd8f000 	C:\Program Files\Java\jre8\bin\verify.dll
0x000000006dd50000 - 0x000000006dd78000 	C:\Program Files\Java\jre8\bin\java.dll
0x000000006dd30000 - 0x000000006dd46000 	C:\Program Files\Java\jre8\bin\zip.dll
0x00007fffeb580000 - 0x00007fffeb708000 	C:\Windows\SYSTEM32\dbghelp.dll

VM Arguments:
jvm_args: -Dfile.encoding=Cp1252 -Xbootclasspath:C:\Program Files\Eclipse (with Android Development Tools)\adt-bundle-windows-x86_64-20140321\sdk\platforms\android-19\android.jar 
java_command: com.example.indo.ClausalForm
java_class_path (initial): C:\Users\timothy.pratama\Desktop\Tugas IRK\INDO\bin\classes;C:\Users\timothy.pratama\Desktop\Tugas IRK\INDO\libs\android-support-v4.jar
Launcher Type: SUN_STANDARD

Environment Variables:
PATH=C:\Windows\system32;C:\Windows;C:\Windows\System32\Wbem;C:\Windows\System32\WindowsPowerShell\v1.0\;C:\TDM-GCC-64\bin;C:\Program Files (x86)\Windows Kits\8.1\Windows Performance Toolkit\;C:\Program Files\Microsoft SQL Server\110\Tools\Binn\;C:\Program Files (x86)\Git\cmd;C:\Program Files\Java\jdk1.8.0_05\bin;C:\xampp\mysql\bin
USERNAME=timothy.pratama
OS=Windows_NT
PROCESSOR_IDENTIFIER=Intel64 Family 6 Model 15 Stepping 10, GenuineIntel



---------------  S Y S T E M  ---------------

OS: Windows 8.1 , 64 bit Build 9600 

CPU:total 2 (2 cores per cpu, 1 threads per core) family 6 model 15 stepping 10, cmov, cx8, fxsr, mmx, sse, sse2, sse3, ssse3, tsc

Memory: 4k page, physical 3119404k(1087644k free), swap 6265132k(3960308k free)

vm_info: Java HotSpot(TM) 64-Bit Server VM (25.5-b02) for windows-amd64 JRE (1.8.0_05-b13), built on Mar 18 2014 01:08:39 by "java_re" with MS VC++ 10.0 (VS2010)

time: Mon Jun 09 11:53:35 2014
elapsed time: 0 seconds

